<?xml version="1.0" encoding="UTF-8"?>
<coverage generated="1777796086198" clover="3.2.0">
  <project timestamp="1777796086198" name="All files">
    <metrics statements="104" coveredstatements="104" conditionals="63" coveredconditionals="63" methods="30" coveredmethods="30" elements="197" coveredelements="197" complexity="0" loc="104" ncloc="104" packages="1" files="3" classes="3"/>
    <file name="queue.js" path="/root/.openclaw/workspace/project/wujiaming88.github.io/_study-cards/queue.js">
      <metrics statements="47" coveredstatements="47" conditionals="23" coveredconditionals="23" methods="21" coveredmethods="21"/>
      <line num="9" count="1" type="stmt"/>
      <line num="22" count="189" type="stmt"/>
      <line num="39" count="189" type="stmt"/>
      <line num="49" count="6" type="stmt"/>
      <line num="51" count="6" type="cond" truecount="4" falsecount="0"/>
      <line num="52" count="16" type="stmt"/>
      <line num="55" count="6" type="cond" truecount="4" falsecount="0"/>
      <line num="56" count="6" type="stmt"/>
      <line num="59" count="6" type="stmt"/>
      <line num="68" count="15" type="stmt"/>
      <line num="69" count="160" type="stmt"/>
      <line num="78" count="39" type="stmt"/>
      <line num="79" count="281" type="stmt"/>
      <line num="80" count="281" type="stmt"/>
      <line num="82" count="39" type="stmt"/>
      <line num="92" count="10" type="stmt"/>
      <line num="93" count="177" type="stmt"/>
      <line num="104" count="143" type="stmt"/>
      <line num="105" count="7" type="stmt"/>
      <line num="108" count="7" type="stmt"/>
      <line num="109" count="7" type="stmt"/>
      <line num="112" count="7" type="stmt"/>
      <line num="113" count="7" type="stmt"/>
      <line num="124" count="6" type="stmt"/>
      <line num="135" count="6" type="cond" truecount="2" falsecount="0"/>
      <line num="136" count="1" type="stmt"/>
      <line num="137" count="5" type="cond" truecount="2" falsecount="0"/>
      <line num="138" count="1" type="stmt"/>
      <line num="140" count="4" type="stmt"/>
      <line num="143" count="6" type="stmt"/>
      <line num="152" count="5" type="stmt"/>
      <line num="153" count="5" type="stmt"/>
      <line num="154" count="13" type="stmt"/>
      <line num="155" count="13" type="stmt"/>
      <line num="156" count="13" type="stmt"/>
      <line num="157" count="13" type="stmt"/>
      <line num="159" count="5" type="stmt"/>
      <line num="160" count="5" type="stmt"/>
      <line num="161" count="13" type="cond" truecount="2" falsecount="0"/>
      <line num="162" count="2" type="stmt"/>
      <line num="163" count="2" type="stmt"/>
      <line num="166" count="5" type="stmt"/>
      <line num="181" count="3" type="stmt"/>
      <line num="182" count="7" type="stmt"/>
      <line num="183" count="3" type="stmt"/>
      <line num="188" count="1" type="cond" truecount="3" falsecount="0"/>
      <line num="189" count="1" type="stmt"/>
    </file>
    <file name="sm2.js" path="/root/.openclaw/workspace/project/wujiaming88.github.io/_study-cards/sm2.js">
      <metrics statements="27" coveredstatements="27" conditionals="19" coveredconditionals="19" methods="4" coveredmethods="4"/>
      <line num="16" count="10" type="cond" truecount="4" falsecount="0"/>
      <line num="17" count="2" type="stmt"/>
      <line num="19" count="8" type="cond" truecount="2" falsecount="0"/>
      <line num="20" count="1" type="stmt"/>
      <line num="23" count="8" type="stmt"/>
      <line num="24" count="8" type="stmt"/>
      <line num="25" count="8" type="stmt"/>
      <line num="28" count="8" type="cond" truecount="2" falsecount="0"/>
      <line num="29" count="2" type="stmt"/>
      <line num="30" count="2" type="stmt"/>
      <line num="33" count="6" type="cond" truecount="2" falsecount="0"/>
      <line num="34" count="2" type="stmt"/>
      <line num="35" count="4" type="cond" truecount="2" falsecount="0"/>
      <line num="36" count="1" type="stmt"/>
      <line num="38" count="3" type="stmt"/>
      <line num="40" count="6" type="stmt"/>
      <line num="44" count="8" type="stmt"/>
      <line num="45" count="8" type="cond" truecount="2" falsecount="0"/>
      <line num="46" count="1" type="stmt"/>
      <line num="49" count="8" type="stmt"/>
      <line num="62" count="6" type="stmt"/>
      <line num="68" count="6" type="cond" truecount="2" falsecount="0"/>
      <line num="77" count="3" type="stmt"/>
      <line num="78" count="3" type="stmt"/>
      <line num="87" count="3" type="stmt"/>
      <line num="92" count="1" type="cond" truecount="3" falsecount="0"/>
      <line num="93" count="1" type="stmt"/>
    </file>
    <file name="swipe.js" path="/root/.openclaw/workspace/project/wujiaming88.github.io/_study-cards/swipe.js">
      <metrics statements="30" coveredstatements="30" conditionals="21" coveredconditionals="21" methods="5" coveredmethods="5"/>
      <line num="9" count="1" type="stmt"/>
      <line num="25" count="19" type="stmt"/>
      <line num="26" count="19" type="stmt"/>
      <line num="29" count="19" type="cond" truecount="2" falsecount="0"/>
      <line num="30" count="2" type="stmt"/>
      <line num="34" count="17" type="cond" truecount="2" falsecount="0"/>
      <line num="35" count="5" type="stmt"/>
      <line num="38" count="12" type="cond" truecount="2" falsecount="0"/>
      <line num="49" count="9" type="cond" truecount="2" falsecount="0"/>
      <line num="50" count="2" type="stmt"/>
      <line num="53" count="7" type="stmt"/>
      <line num="54" count="7" type="stmt"/>
      <line num="56" count="7" type="stmt"/>
      <line num="57" count="5" type="stmt"/>
      <line num="58" count="5" type="stmt"/>
      <line num="61" count="7" type="stmt"/>
      <line num="62" count="5" type="stmt"/>
      <line num="63" count="5" type="stmt"/>
      <line num="65" count="5" type="stmt"/>
      <line num="67" count="5" type="cond" truecount="4" falsecount="0"/>
      <line num="68" count="1" type="stmt"/>
      <line num="69" count="4" type="cond" truecount="4" falsecount="0"/>
      <line num="70" count="1" type="stmt"/>
      <line num="74" count="7" type="stmt"/>
      <line num="75" count="7" type="stmt"/>
      <line num="78" count="7" type="stmt"/>
      <line num="79" count="1" type="stmt"/>
      <line num="80" count="1" type="stmt"/>
      <line num="86" count="1" type="cond" truecount="3" falsecount="0"/>
      <line num="87" count="1" type="stmt"/>
    </file>
  </project>
</coverage>
