{"/root/.openclaw/workspace/project/wujiaming88.github.io/_study-cards/queue.js": {"path":"/root/.openclaw/workspace/project/wujiaming88.github.io/_study-cards/queue.js","statementMap":{"0":{"start":{"line":9,"column":18},"end":{"line":14,"column":1}},"1":{"start":{"line":22,"column":2},"end":{"line":32,"column":4}},"2":{"start":{"line":39,"column":2},"end":{"line":39,"column":88}},"3":{"start":{"line":49,"column":15},"end":{"line":49,"column":20}},"4":{"start":{"line":51,"column":2},"end":{"line":53,"column":3}},"5":{"start":{"line":52,"column":4},"end":{"line":52,"column":72}},"6":{"start":{"line":52,"column":35},"end":{"line":52,"column":70}},"7":{"start":{"line":55,"column":2},"end":{"line":57,"column":3}},"8":{"start":{"line":56,"column":4},"end":{"line":56,"column":76}},"9":{"start":{"line":56,"column":35},"end":{"line":56,"column":74}},"10":{"start":{"line":59,"column":2},"end":{"line":59,"column":16}},"11":{"start":{"line":68,"column":14},"end":{"line":68,"column":24}},"12":{"start":{"line":69,"column":2},"end":{"line":69,"column":54}},"13":{"start":{"line":69,"column":30},"end":{"line":69,"column":52}},"14":{"start":{"line":78,"column":2},"end":{"line":81,"column":3}},"15":{"start":{"line":78,"column":15},"end":{"line":78,"column":29}},"16":{"start":{"line":79,"column":14},"end":{"line":79,"column":49}},"17":{"start":{"line":80,"column":4},"end":{"line":80,"column":40}},"18":{"start":{"line":82,"column":2},"end":{"line":82,"column":13}},"19":{"start":{"line":92,"column":2},"end":{"line":94,"column":21}},"20":{"start":{"line":93,"column":20},"end":{"line":93,"column":48}},"21":{"start":{"line":104,"column":19},"end":{"line":104,"column":82}},"22":{"start":{"line":104,"column":53},"end":{"line":104,"column":81}},"23":{"start":{"line":105,"column":19},"end":{"line":105,"column":49}},"24":{"start":{"line":108,"column":2},"end":{"line":108,"column":20}},"25":{"start":{"line":109,"column":2},"end":{"line":109,"column":20}},"26":{"start":{"line":112,"column":19},"end":{"line":112,"column":45}},"27":{"start":{"line":113,"column":2},"end":{"line":113,"column":39}},"28":{"start":{"line":124,"column":18},"end":{"line":132,"column":3}},"29":{"start":{"line":135,"column":2},"end":{"line":141,"column":3}},"30":{"start":{"line":136,"column":4},"end":{"line":136,"column":39}},"31":{"start":{"line":137,"column":9},"end":{"line":141,"column":3}},"32":{"start":{"line":138,"column":4},"end":{"line":138,"column":37}},"33":{"start":{"line":140,"column":4},"end":{"line":140,"column":37}},"34":{"start":{"line":143,"column":2},"end":{"line":143,"column":17}},"35":{"start":{"line":152,"column":16},"end":{"line":152,"column":28}},"36":{"start":{"line":153,"column":18},"end":{"line":158,"column":3}},"37":{"start":{"line":154,"column":27},"end":{"line":154,"column":52}},"38":{"start":{"line":155,"column":32},"end":{"line":155,"column":62}},"39":{"start":{"line":156,"column":30},"end":{"line":156,"column":58}},"40":{"start":{"line":157,"column":30},"end":{"line":157,"column":58}},"41":{"start":{"line":159,"column":14},"end":{"line":159,"column":39}},"42":{"start":{"line":160,"column":24},"end":{"line":164,"column":11}},"43":{"start":{"line":161,"column":4},"end":{"line":161,"column":36}},"44":{"start":{"line":161,"column":23},"end":{"line":161,"column":36}},"45":{"start":{"line":162,"column":18},"end":{"line":162,"column":49}},"46":{"start":{"line":163,"column":4},"end":{"line":163,"column":33}},"47":{"start":{"line":166,"column":2},"end":{"line":172,"column":4}},"48":{"start":{"line":181,"column":19},"end":{"line":181,"column":28}},"49":{"start":{"line":182,"column":2},"end":{"line":182,"column":52}},"50":{"start":{"line":182,"column":24},"end":{"line":182,"column":50}},"51":{"start":{"line":183,"column":2},"end":{"line":183,"column":37}},"52":{"start":{"line":188,"column":0},"end":{"line":201,"column":1}},"53":{"start":{"line":189,"column":2},"end":{"line":200,"column":4}}},"fnMap":{"0":{"name":"initCardState","decl":{"start":{"line":21,"column":9},"end":{"line":21,"column":22}},"loc":{"start":{"line":21,"column":29},"end":{"line":33,"column":1}},"line":21},"1":{"name":"generateId","decl":{"start":{"line":38,"column":9},"end":{"line":38,"column":19}},"loc":{"start":{"line":38,"column":26},"end":{"line":40,"column":1}},"line":38},"2":{"name":"filterCards","decl":{"start":{"line":48,"column":9},"end":{"line":48,"column":20}},"loc":{"start":{"line":48,"column":37},"end":{"line":60,"column":1}},"line":48},"3":{"name":"(anonymous_3)","decl":{"start":{"line":52,"column":27},"end":{"line":52,"column":28}},"loc":{"start":{"line":52,"column":35},"end":{"line":52,"column":70}},"line":52},"4":{"name":"(anonymous_4)","decl":{"start":{"line":56,"column":27},"end":{"line":56,"column":28}},"loc":{"start":{"line":56,"column":35},"end":{"line":56,"column":74}},"line":56},"5":{"name":"getDueCards","decl":{"start":{"line":67,"column":9},"end":{"line":67,"column":20}},"loc":{"start":{"line":67,"column":28},"end":{"line":70,"column":1}},"line":67},"6":{"name":"(anonymous_6)","decl":{"start":{"line":69,"column":22},"end":{"line":69,"column":23}},"loc":{"start":{"line":69,"column":30},"end":{"line":69,"column":52}},"line":69},"7":{"name":"shuffle","decl":{"start":{"line":77,"column":9},"end":{"line":77,"column":16}},"loc":{"start":{"line":77,"column":22},"end":{"line":83,"column":1}},"line":77},"8":{"name":"getNewCards","decl":{"start":{"line":91,"column":9},"end":{"line":91,"column":20}},"loc":{"start":{"line":91,"column":40},"end":{"line":95,"column":1}},"line":91},"9":{"name":"(anonymous_9)","decl":{"start":{"line":93,"column":12},"end":{"line":93,"column":13}},"loc":{"start":{"line":93,"column":20},"end":{"line":93,"column":48}},"line":93},"10":{"name":"buildQueue","decl":{"start":{"line":103,"column":9},"end":{"line":103,"column":19}},"loc":{"start":{"line":103,"column":44},"end":{"line":114,"column":1}},"line":103},"11":{"name":"(anonymous_11)","decl":{"start":{"line":104,"column":45},"end":{"line":104,"column":46}},"loc":{"start":{"line":104,"column":53},"end":{"line":104,"column":81}},"line":104},"12":{"name":"updateCardState","decl":{"start":{"line":123,"column":9},"end":{"line":123,"column":24}},"loc":{"start":{"line":123,"column":54},"end":{"line":144,"column":1}},"line":123},"13":{"name":"getStats","decl":{"start":{"line":151,"column":9},"end":{"line":151,"column":17}},"loc":{"start":{"line":151,"column":25},"end":{"line":173,"column":1}},"line":151},"14":{"name":"(anonymous_14)","decl":{"start":{"line":154,"column":22},"end":{"line":154,"column":23}},"loc":{"start":{"line":154,"column":27},"end":{"line":154,"column":52}},"line":154},"15":{"name":"(anonymous_15)","decl":{"start":{"line":155,"column":27},"end":{"line":155,"column":28}},"loc":{"start":{"line":155,"column":32},"end":{"line":155,"column":62}},"line":155},"16":{"name":"(anonymous_16)","decl":{"start":{"line":156,"column":25},"end":{"line":156,"column":26}},"loc":{"start":{"line":156,"column":30},"end":{"line":156,"column":58}},"line":156},"17":{"name":"(anonymous_17)","decl":{"start":{"line":157,"column":25},"end":{"line":157,"column":26}},"loc":{"start":{"line":157,"column":30},"end":{"line":157,"column":58}},"line":157},"18":{"name":"(anonymous_18)","decl":{"start":{"line":160,"column":37},"end":{"line":160,"column":38}},"loc":{"start":{"line":160,"column":42},"end":{"line":164,"column":3}},"line":160},"19":{"name":"getChapters","decl":{"start":{"line":180,"column":9},"end":{"line":180,"column":20}},"loc":{"start":{"line":180,"column":28},"end":{"line":184,"column":1}},"line":180},"20":{"name":"(anonymous_20)","decl":{"start":{"line":182,"column":16},"end":{"line":182,"column":17}},"loc":{"start":{"line":182,"column":24},"end":{"line":182,"column":50}},"line":182}},"branchMap":{"0":{"loc":{"start":{"line":24,"column":8},"end":{"line":24,"column":35}},"type":"binary-expr","locations":[{"start":{"line":24,"column":8},"end":{"line":24,"column":15}},{"start":{"line":24,"column":19},"end":{"line":24,"column":35}}],"line":24},"1":{"loc":{"start":{"line":51,"column":2},"end":{"line":53,"column":3}},"type":"if","locations":[{"start":{"line":51,"column":2},"end":{"line":53,"column":3}},{"start":{},"end":{}}],"line":51},"2":{"loc":{"start":{"line":51,"column":6},"end":{"line":51,"column":49}},"type":"binary-expr","locations":[{"start":{"line":51,"column":6},"end":{"line":51,"column":20}},{"start":{"line":51,"column":24},"end":{"line":51,"column":49}}],"line":51},"3":{"loc":{"start":{"line":55,"column":2},"end":{"line":57,"column":3}},"type":"if","locations":[{"start":{"line":55,"column":2},"end":{"line":57,"column":3}},{"start":{},"end":{}}],"line":55},"4":{"loc":{"start":{"line":55,"column":6},"end":{"line":55,"column":53}},"type":"binary-expr","locations":[{"start":{"line":55,"column":6},"end":{"line":55,"column":22}},{"start":{"line":55,"column":26},"end":{"line":55,"column":53}}],"line":55},"5":{"loc":{"start":{"line":91,"column":28},"end":{"line":91,"column":38}},"type":"default-arg","locations":[{"start":{"line":91,"column":36},"end":{"line":91,"column":38}}],"line":91},"6":{"loc":{"start":{"line":103,"column":27},"end":{"line":103,"column":42}},"type":"default-arg","locations":[{"start":{"line":103,"column":40},"end":{"line":103,"column":42}}],"line":103},"7":{"loc":{"start":{"line":135,"column":2},"end":{"line":141,"column":3}},"type":"if","locations":[{"start":{"line":135,"column":2},"end":{"line":141,"column":3}},{"start":{"line":137,"column":9},"end":{"line":141,"column":3}}],"line":135},"8":{"loc":{"start":{"line":137,"column":9},"end":{"line":141,"column":3}},"type":"if","locations":[{"start":{"line":137,"column":9},"end":{"line":141,"column":3}},{"start":{"line":139,"column":9},"end":{"line":141,"column":3}}],"line":137},"9":{"loc":{"start":{"line":161,"column":4},"end":{"line":161,"column":36}},"type":"if","locations":[{"start":{"line":161,"column":4},"end":{"line":161,"column":36}},{"start":{},"end":{}}],"line":161},"10":{"loc":{"start":{"line":171,"column":17},"end":{"line":171,"column":76}},"type":"cond-expr","locations":[{"start":{"line":171,"column":29},"end":{"line":171,"column":72}},{"start":{"line":171,"column":75},"end":{"line":171,"column":76}}],"line":171},"11":{"loc":{"start":{"line":188,"column":0},"end":{"line":201,"column":1}},"type":"if","locations":[{"start":{"line":188,"column":0},"end":{"line":201,"column":1}}],"line":188},"12":{"loc":{"start":{"line":188,"column":4},"end":{"line":188,"column":51}},"type":"binary-expr","locations":[{"start":{"line":188,"column":4},"end":{"line":188,"column":33}},{"start":{"line":188,"column":37},"end":{"line":188,"column":51}}],"line":188}},"s":{"0":1,"1":189,"2":189,"3":6,"4":6,"5":4,"6":16,"7":6,"8":2,"9":6,"10":6,"11":15,"12":15,"13":160,"14":39,"15":39,"16":281,"17":281,"18":39,"19":10,"20":177,"21":7,"22":143,"23":7,"24":7,"25":7,"26":7,"27":7,"28":6,"29":6,"30":1,"31":5,"32":1,"33":4,"34":6,"35":5,"36":5,"37":13,"38":13,"39":13,"40":13,"41":5,"42":5,"43":13,"44":11,"45":2,"46":2,"47":5,"48":3,"49":3,"50":7,"51":3,"52":1,"53":1},"f":{"0":189,"1":189,"2":6,"3":16,"4":6,"5":15,"6":160,"7":39,"8":10,"9":177,"10":7,"11":143,"12":6,"13":5,"14":13,"15":13,"16":13,"17":13,"18":13,"19":3,"20":7},"b":{"0":[189,189],"1":[4,2],"2":[6,4],"3":[2,4],"4":[6,2],"5":[1],"6":[3],"7":[1,5],"8":[1,4],"9":[11,2],"10":[4,1],"11":[1],"12":[1,1]},"_coverageSchema":"1a1c01bbd47fc00a2c39e90264f33305004495a9","hash":"0cf903b410cbbe8843b260283d63b5b2a6981114"}
,"/root/.openclaw/workspace/project/wujiaming88.github.io/_study-cards/sm2.js": {"path":"/root/.openclaw/workspace/project/wujiaming88.github.io/_study-cards/sm2.js","statementMap":{"0":{"start":{"line":16,"column":2},"end":{"line":18,"column":3}},"1":{"start":{"line":17,"column":4},"end":{"line":17,"column":55}},"2":{"start":{"line":19,"column":2},"end":{"line":21,"column":3}},"3":{"start":{"line":20,"column":4},"end":{"line":20,"column":21}},"4":{"start":{"line":23,"column":23},"end":{"line":23,"column":34}},"5":{"start":{"line":24,"column":22},"end":{"line":24,"column":32}},"6":{"start":{"line":25,"column":20},"end":{"line":25,"column":28}},"7":{"start":{"line":28,"column":2},"end":{"line":41,"column":3}},"8":{"start":{"line":29,"column":4},"end":{"line":29,"column":23}},"9":{"start":{"line":30,"column":4},"end":{"line":30,"column":20}},"10":{"start":{"line":33,"column":4},"end":{"line":39,"column":5}},"11":{"start":{"line":34,"column":6},"end":{"line":34,"column":22}},"12":{"start":{"line":35,"column":11},"end":{"line":39,"column":5}},"13":{"start":{"line":36,"column":6},"end":{"line":36,"column":22}},"14":{"start":{"line":38,"column":6},"end":{"line":38,"column":54}},"15":{"start":{"line":40,"column":4},"end":{"line":40,"column":37}},"16":{"start":{"line":44,"column":2},"end":{"line":44,"column":85}},"17":{"start":{"line":45,"column":2},"end":{"line":47,"column":3}},"18":{"start":{"line":46,"column":4},"end":{"line":46,"column":24}},"19":{"start":{"line":49,"column":2},"end":{"line":53,"column":4}},"20":{"start":{"line":62,"column":18},"end":{"line":67,"column":3}},"21":{"start":{"line":68,"column":2},"end":{"line":68,"column":69}},"22":{"start":{"line":77,"column":14},"end":{"line":77,"column":24}},"23":{"start":{"line":78,"column":2},"end":{"line":78,"column":50}},"24":{"start":{"line":87,"column":2},"end":{"line":87,"column":34}},"25":{"start":{"line":92,"column":0},"end":{"line":99,"column":1}},"26":{"start":{"line":93,"column":2},"end":{"line":98,"column":4}}},"fnMap":{"0":{"name":"calculateSM2","decl":{"start":{"line":14,"column":9},"end":{"line":14,"column":21}},"loc":{"start":{"line":14,"column":66},"end":{"line":54,"column":1}},"line":14},"1":{"name":"mapButtonToQuality","decl":{"start":{"line":61,"column":9},"end":{"line":61,"column":27}},"loc":{"start":{"line":61,"column":40},"end":{"line":69,"column":1}},"line":61},"2":{"name":"getNextReviewDate","decl":{"start":{"line":76,"column":9},"end":{"line":76,"column":26}},"loc":{"start":{"line":76,"column":41},"end":{"line":79,"column":1}},"line":76},"3":{"name":"isDue","decl":{"start":{"line":86,"column":9},"end":{"line":86,"column":14}},"loc":{"start":{"line":86,"column":27},"end":{"line":88,"column":1}},"line":86}},"branchMap":{"0":{"loc":{"start":{"line":16,"column":2},"end":{"line":18,"column":3}},"type":"if","locations":[{"start":{"line":16,"column":2},"end":{"line":18,"column":3}},{"start":{},"end":{}}],"line":16},"1":{"loc":{"start":{"line":16,"column":6},"end":{"line":16,"column":32}},"type":"binary-expr","locations":[{"start":{"line":16,"column":6},"end":{"line":16,"column":17}},{"start":{"line":16,"column":21},"end":{"line":16,"column":32}}],"line":16},"2":{"loc":{"start":{"line":19,"column":2},"end":{"line":21,"column":3}},"type":"if","locations":[{"start":{"line":19,"column":2},"end":{"line":21,"column":3}},{"start":{},"end":{}}],"line":19},"3":{"loc":{"start":{"line":28,"column":2},"end":{"line":41,"column":3}},"type":"if","locations":[{"start":{"line":28,"column":2},"end":{"line":41,"column":3}},{"start":{"line":31,"column":9},"end":{"line":41,"column":3}}],"line":28},"4":{"loc":{"start":{"line":33,"column":4},"end":{"line":39,"column":5}},"type":"if","locations":[{"start":{"line":33,"column":4},"end":{"line":39,"column":5}},{"start":{"line":35,"column":11},"end":{"line":39,"column":5}}],"line":33},"5":{"loc":{"start":{"line":35,"column":11},"end":{"line":39,"column":5}},"type":"if","locations":[{"start":{"line":35,"column":11},"end":{"line":39,"column":5}},{"start":{"line":37,"column":11},"end":{"line":39,"column":5}}],"line":35},"6":{"loc":{"start":{"line":45,"column":2},"end":{"line":47,"column":3}},"type":"if","locations":[{"start":{"line":45,"column":2},"end":{"line":47,"column":3}},{"start":{},"end":{}}],"line":45},"7":{"loc":{"start":{"line":68,"column":9},"end":{"line":68,"column":68}},"type":"cond-expr","locations":[{"start":{"line":68,"column":45},"end":{"line":68,"column":64}},{"start":{"line":68,"column":67},"end":{"line":68,"column":68}}],"line":68},"8":{"loc":{"start":{"line":92,"column":0},"end":{"line":99,"column":1}},"type":"if","locations":[{"start":{"line":92,"column":0},"end":{"line":99,"column":1}}],"line":92},"9":{"loc":{"start":{"line":92,"column":4},"end":{"line":92,"column":51}},"type":"binary-expr","locations":[{"start":{"line":92,"column":4},"end":{"line":92,"column":33}},{"start":{"line":92,"column":37},"end":{"line":92,"column":51}}],"line":92}},"s":{"0":10,"1":2,"2":8,"3":1,"4":8,"5":8,"6":8,"7":8,"8":2,"9":2,"10":6,"11":2,"12":4,"13":1,"14":3,"15":6,"16":8,"17":8,"18":1,"19":8,"20":6,"21":6,"22":3,"23":3,"24":3,"25":1,"26":1},"f":{"0":10,"1":6,"2":3,"3":3},"b":{"0":[2,8],"1":[10,9],"2":[1,7],"3":[2,6],"4":[2,4],"5":[1,3],"6":[1,7],"7":[4,2],"8":[1],"9":[1,1]},"_coverageSchema":"1a1c01bbd47fc00a2c39e90264f33305004495a9","hash":"cdb0d9ce45dfb0e3f9674c6e168855177cf10912"}
,"/root/.openclaw/workspace/project/wujiaming88.github.io/_study-cards/swipe.js": {"path":"/root/.openclaw/workspace/project/wujiaming88.github.io/_study-cards/swipe.js","statementMap":{"0":{"start":{"line":9,"column":23},"end":{"line":13,"column":1}},"1":{"start":{"line":25,"column":17},"end":{"line":25,"column":30}},"2":{"start":{"line":26,"column":17},"end":{"line":26,"column":30}},"3":{"start":{"line":29,"column":2},"end":{"line":31,"column":3}},"4":{"start":{"line":30,"column":4},"end":{"line":30,"column":31}},"5":{"start":{"line":34,"column":2},"end":{"line":36,"column":3}},"6":{"start":{"line":35,"column":4},"end":{"line":35,"column":31}},"7":{"start":{"line":38,"column":2},"end":{"line":38,"column":65}},"8":{"start":{"line":49,"column":2},"end":{"line":51,"column":3}},"9":{"start":{"line":50,"column":4},"end":{"line":50,"column":43}},"10":{"start":{"line":53,"column":15},"end":{"line":53,"column":16}},"11":{"start":{"line":54,"column":15},"end":{"line":54,"column":16}},"12":{"start":{"line":56,"column":27},"end":{"line":59,"column":3}},"13":{"start":{"line":57,"column":4},"end":{"line":57,"column":34}},"14":{"start":{"line":58,"column":4},"end":{"line":58,"column":34}},"15":{"start":{"line":61,"column":25},"end":{"line":72,"column":3}},"16":{"start":{"line":62,"column":17},"end":{"line":62,"column":44}},"17":{"start":{"line":63,"column":17},"end":{"line":63,"column":44}},"18":{"start":{"line":65,"column":22},"end":{"line":65,"column":72}},"19":{"start":{"line":67,"column":4},"end":{"line":71,"column":5}},"20":{"start":{"line":68,"column":6},"end":{"line":68,"column":31}},"21":{"start":{"line":69,"column":11},"end":{"line":71,"column":5}},"22":{"start":{"line":70,"column":6},"end":{"line":70,"column":32}},"23":{"start":{"line":74,"column":2},"end":{"line":74,"column":78}},"24":{"start":{"line":75,"column":2},"end":{"line":75,"column":74}},"25":{"start":{"line":78,"column":2},"end":{"line":81,"column":4}},"26":{"start":{"line":79,"column":4},"end":{"line":79,"column":64}},"27":{"start":{"line":80,"column":4},"end":{"line":80,"column":60}},"28":{"start":{"line":86,"column":0},"end":{"line":92,"column":1}},"29":{"start":{"line":87,"column":2},"end":{"line":91,"column":4}}},"fnMap":{"0":{"name":"detectSwipe","decl":{"start":{"line":24,"column":9},"end":{"line":24,"column":20}},"loc":{"start":{"line":24,"column":65},"end":{"line":39,"column":1}},"line":24},"1":{"name":"createSwipeHandler","decl":{"start":{"line":48,"column":9},"end":{"line":48,"column":27}},"loc":{"start":{"line":48,"column":64},"end":{"line":82,"column":1}},"line":48},"2":{"name":"(anonymous_2)","decl":{"start":{"line":56,"column":27},"end":{"line":56,"column":28}},"loc":{"start":{"line":56,"column":34},"end":{"line":59,"column":3}},"line":56},"3":{"name":"(anonymous_3)","decl":{"start":{"line":61,"column":25},"end":{"line":61,"column":26}},"loc":{"start":{"line":61,"column":32},"end":{"line":72,"column":3}},"line":61},"4":{"name":"(anonymous_4)","decl":{"start":{"line":78,"column":9},"end":{"line":78,"column":10}},"loc":{"start":{"line":78,"column":15},"end":{"line":81,"column":3}},"line":78}},"branchMap":{"0":{"loc":{"start":{"line":24,"column":49},"end":{"line":24,"column":63}},"type":"default-arg","locations":[{"start":{"line":24,"column":61},"end":{"line":24,"column":63}}],"line":24},"1":{"loc":{"start":{"line":29,"column":2},"end":{"line":31,"column":3}},"type":"if","locations":[{"start":{"line":29,"column":2},"end":{"line":31,"column":3}},{"start":{},"end":{}}],"line":29},"2":{"loc":{"start":{"line":34,"column":2},"end":{"line":36,"column":3}},"type":"if","locations":[{"start":{"line":34,"column":2},"end":{"line":36,"column":3}},{"start":{},"end":{}}],"line":34},"3":{"loc":{"start":{"line":38,"column":9},"end":{"line":38,"column":64}},"type":"cond-expr","locations":[{"start":{"line":38,"column":22},"end":{"line":38,"column":41}},{"start":{"line":38,"column":44},"end":{"line":38,"column":64}}],"line":38},"4":{"loc":{"start":{"line":48,"column":48},"end":{"line":48,"column":62}},"type":"default-arg","locations":[{"start":{"line":48,"column":60},"end":{"line":48,"column":62}}],"line":48},"5":{"loc":{"start":{"line":49,"column":2},"end":{"line":51,"column":3}},"type":"if","locations":[{"start":{"line":49,"column":2},"end":{"line":51,"column":3}},{"start":{},"end":{}}],"line":49},"6":{"loc":{"start":{"line":67,"column":4},"end":{"line":71,"column":5}},"type":"if","locations":[{"start":{"line":67,"column":4},"end":{"line":71,"column":5}},{"start":{"line":69,"column":11},"end":{"line":71,"column":5}}],"line":67},"7":{"loc":{"start":{"line":67,"column":8},"end":{"line":67,"column":66}},"type":"binary-expr","locations":[{"start":{"line":67,"column":8},"end":{"line":67,"column":41}},{"start":{"line":67,"column":45},"end":{"line":67,"column":66}}],"line":67},"8":{"loc":{"start":{"line":69,"column":11},"end":{"line":71,"column":5}},"type":"if","locations":[{"start":{"line":69,"column":11},"end":{"line":71,"column":5}},{"start":{},"end":{}}],"line":69},"9":{"loc":{"start":{"line":69,"column":15},"end":{"line":69,"column":75}},"type":"binary-expr","locations":[{"start":{"line":69,"column":15},"end":{"line":69,"column":49}},{"start":{"line":69,"column":53},"end":{"line":69,"column":75}}],"line":69},"10":{"loc":{"start":{"line":86,"column":0},"end":{"line":92,"column":1}},"type":"if","locations":[{"start":{"line":86,"column":0},"end":{"line":92,"column":1}}],"line":86},"11":{"loc":{"start":{"line":86,"column":4},"end":{"line":86,"column":51}},"type":"binary-expr","locations":[{"start":{"line":86,"column":4},"end":{"line":86,"column":33}},{"start":{"line":86,"column":37},"end":{"line":86,"column":51}}],"line":86}},"s":{"0":1,"1":19,"2":19,"3":19,"4":2,"5":17,"6":5,"7":12,"8":9,"9":2,"10":7,"11":7,"12":7,"13":5,"14":5,"15":7,"16":5,"17":5,"18":5,"19":5,"20":1,"21":4,"22":1,"23":7,"24":7,"25":7,"26":1,"27":1,"28":1,"29":1},"f":{"0":19,"1":9,"2":5,"3":5,"4":1},"b":{"0":[2],"1":[2,17],"2":[5,12],"3":[5,7],"4":[2],"5":[2,7],"6":[1,4],"7":[5,2],"8":[1,3],"9":[4,1],"10":[1],"11":[1,1]},"_coverageSchema":"1a1c01bbd47fc00a2c39e90264f33305004495a9","hash":"c510b3122f4bf0fc9eb63fbb81e2e43e28a51283"}
}
