TN:
SF:queue.js
FN:21,initCardState
FN:38,generateId
FN:48,filterCards
FN:52,(anonymous_3)
FN:56,(anonymous_4)
FN:67,getDueCards
FN:69,(anonymous_6)
FN:77,shuffle
FN:91,getNewCards
FN:93,(anonymous_9)
FN:103,buildQueue
FN:104,(anonymous_11)
FN:123,updateCardState
FN:151,getStats
FN:154,(anonymous_14)
FN:155,(anonymous_15)
FN:156,(anonymous_16)
FN:157,(anonymous_17)
FN:160,(anonymous_18)
FN:180,getChapters
FN:182,(anonymous_20)
FNF:21
FNH:21
FNDA:189,initCardState
FNDA:189,generateId
FNDA:6,filterCards
FNDA:16,(anonymous_3)
FNDA:6,(anonymous_4)
FNDA:15,getDueCards
FNDA:160,(anonymous_6)
FNDA:39,shuffle
FNDA:10,getNewCards
FNDA:177,(anonymous_9)
FNDA:7,buildQueue
FNDA:143,(anonymous_11)
FNDA:6,updateCardState
FNDA:5,getStats
FNDA:13,(anonymous_14)
FNDA:13,(anonymous_15)
FNDA:13,(anonymous_16)
FNDA:13,(anonymous_17)
FNDA:13,(anonymous_18)
FNDA:3,getChapters
FNDA:7,(anonymous_20)
DA:9,1
DA:22,189
DA:39,189
DA:49,6
DA:51,6
DA:52,16
DA:55,6
DA:56,6
DA:59,6
DA:68,15
DA:69,160
DA:78,39
DA:79,281
DA:80,281
DA:82,39
DA:92,10
DA:93,177
DA:104,143
DA:105,7
DA:108,7
DA:109,7
DA:112,7
DA:113,7
DA:124,6
DA:135,6
DA:136,1
DA:137,5
DA:138,1
DA:140,4
DA:143,6
DA:152,5
DA:153,5
DA:154,13
DA:155,13
DA:156,13
DA:157,13
DA:159,5
DA:160,5
DA:161,13
DA:162,2
DA:163,2
DA:166,5
DA:181,3
DA:182,7
DA:183,3
DA:188,1
DA:189,1
LF:47
LH:47
BRDA:24,0,0,189
BRDA:24,0,1,189
BRDA:51,1,0,4
BRDA:51,1,1,2
BRDA:51,2,0,6
BRDA:51,2,1,4
BRDA:55,3,0,2
BRDA:55,3,1,4
BRDA:55,4,0,6
BRDA:55,4,1,2
BRDA:91,5,0,1
BRDA:103,6,0,3
BRDA:135,7,0,1
BRDA:135,7,1,5
BRDA:137,8,0,1
BRDA:137,8,1,4
BRDA:161,9,0,11
BRDA:161,9,1,2
BRDA:171,10,0,4
BRDA:171,10,1,1
BRDA:188,11,0,1
BRDA:188,12,0,1
BRDA:188,12,1,1
BRF:23
BRH:23
end_of_record
TN:
SF:sm2.js
FN:14,calculateSM2
FN:61,mapButtonToQuality
FN:76,getNextReviewDate
FN:86,isDue
FNF:4
FNH:4
FNDA:10,calculateSM2
FNDA:6,mapButtonToQuality
FNDA:3,getNextReviewDate
FNDA:3,isDue
DA:16,10
DA:17,2
DA:19,8
DA:20,1
DA:23,8
DA:24,8
DA:25,8
DA:28,8
DA:29,2
DA:30,2
DA:33,6
DA:34,2
DA:35,4
DA:36,1
DA:38,3
DA:40,6
DA:44,8
DA:45,8
DA:46,1
DA:49,8
DA:62,6
DA:68,6
DA:77,3
DA:78,3
DA:87,3
DA:92,1
DA:93,1
LF:27
LH:27
BRDA:16,0,0,2
BRDA:16,0,1,8
BRDA:16,1,0,10
BRDA:16,1,1,9
BRDA:19,2,0,1
BRDA:19,2,1,7
BRDA:28,3,0,2
BRDA:28,3,1,6
BRDA:33,4,0,2
BRDA:33,4,1,4
BRDA:35,5,0,1
BRDA:35,5,1,3
BRDA:45,6,0,1
BRDA:45,6,1,7
BRDA:68,7,0,4
BRDA:68,7,1,2
BRDA:92,8,0,1
BRDA:92,9,0,1
BRDA:92,9,1,1
BRF:19
BRH:19
end_of_record
TN:
SF:swipe.js
FN:24,detectSwipe
FN:48,createSwipeHandler
FN:56,(anonymous_2)
FN:61,(anonymous_3)
FN:78,(anonymous_4)
FNF:5
FNH:5
FNDA:19,detectSwipe
FNDA:9,createSwipeHandler
FNDA:5,(anonymous_2)
FNDA:5,(anonymous_3)
FNDA:1,(anonymous_4)
DA:9,1
DA:25,19
DA:26,19
DA:29,19
DA:30,2
DA:34,17
DA:35,5
DA:38,12
DA:49,9
DA:50,2
DA:53,7
DA:54,7
DA:56,7
DA:57,5
DA:58,5
DA:61,7
DA:62,5
DA:63,5
DA:65,5
DA:67,5
DA:68,1
DA:69,4
DA:70,1
DA:74,7
DA:75,7
DA:78,7
DA:79,1
DA:80,1
DA:86,1
DA:87,1
LF:30
LH:30
BRDA:24,0,0,2
BRDA:29,1,0,2
BRDA:29,1,1,17
BRDA:34,2,0,5
BRDA:34,2,1,12
BRDA:38,3,0,5
BRDA:38,3,1,7
BRDA:48,4,0,2
BRDA:49,5,0,2
BRDA:49,5,1,7
BRDA:67,6,0,1
BRDA:67,6,1,4
BRDA:67,7,0,5
BRDA:67,7,1,2
BRDA:69,8,0,1
BRDA:69,8,1,3
BRDA:69,9,0,4
BRDA:69,9,1,1
BRDA:86,10,0,1
BRDA:86,11,0,1
BRDA:86,11,1,1
BRF:21
BRH:21
end_of_record
